  [1m[36m (1.2ms)[0m  [1mCREATE TABLE "schema_migrations" ("version" varchar NOT NULL) [0m
  [1m[35m (0.0ms)[0m  select sqlite_version(*)
  [1m[36m (1.0ms)[0m  [1mCREATE UNIQUE INDEX "unique_schema_migrations" ON "schema_migrations" ("version")[0m
  [1m[35mActiveRecord::SchemaMigration Load (0.1ms)[0m  SELECT "schema_migrations".* FROM "schema_migrations"
  [1m[36mActiveRecord::SchemaMigration Load (0.1ms)[0m  [1mSELECT "schema_migrations".* FROM "schema_migrations"[0m
Migrating to CreatePosts (20151230232412)
  [1m[35m (0.1ms)[0m  begin transaction
  [1m[36m (0.4ms)[0m  [1mCREATE TABLE "posts" ("id" INTEGER PRIMARY KEY AUTOINCREMENT NOT NULL, "title" varchar, "description" text, "created_at" datetime NOT NULL, "updated_at" datetime NOT NULL) [0m
  [1m[35mSQL (0.2ms)[0m  INSERT INTO "schema_migrations" ("version") VALUES (?)  [["version", "20151230232412"]]
  [1m[36m (1.3ms)[0m  [1mcommit transaction[0m
  [1m[35mActiveRecord::SchemaMigration Load (0.1ms)[0m  SELECT "schema_migrations".* FROM "schema_migrations"


Started GET "/posts/new" for ::1 at 2015-12-31 13:44:56 -0600
  [1m[36mActiveRecord::SchemaMigration Load (0.1ms)[0m  [1mSELECT "schema_migrations".* FROM "schema_migrations"[0m
Processing by PostsController#new as HTML
  Rendered posts/new.html.erb within layouts/application (2.1ms)
Completed 200 OK in 347ms (Views: 326.8ms | ActiveRecord: 0.2ms)


Started GET "/assets/application.self-e80e8f2318043e8af94dddc2adad5a4f09739a8ebb323b3ab31cd71d45fd9113.css?body=1" for ::1 at 2015-12-31 13:44:57 -0600


Started GET "/assets/application.self-3b8dabdc891efe46b9a144b400ad69e37d7e5876bdc39dee783419a69d7ca819.js?body=1" for ::1 at 2015-12-31 13:44:57 -0600


Started POST "/posts" for ::1 at 2015-12-31 13:45:03 -0600
Processing by PostsController#create as HTML
  Parameters: {"utf8"=>"✓", "authenticity_token"=>"mFCuNJP5reOW19phdr4zXRLzOMo4NZQ3wneiVR+RO/+owIoDiOxh24iHKkZ7DGazxbSIoRmvIOmJgA4gog1sGg==", "title"=>"Rails Introduction Quiz", "description"=>"asdfasdf", "commit"=>"Submit Post"}
  [1m[35m (0.1ms)[0m  begin transaction
  [1m[36mSQL (0.4ms)[0m  [1mINSERT INTO "posts" ("title", "description", "created_at", "updated_at") VALUES (?, ?, ?, ?)[0m  [["title", "Rails Introduction Quiz"], ["description", "asdfasdf"], ["created_at", "2015-12-31 19:45:03.614973"], ["updated_at", "2015-12-31 19:45:03.614973"]]
  [1m[35m (1.2ms)[0m  commit transaction
Redirected to http://localhost:3000/posts/1
Completed 302 Found in 22ms (ActiveRecord: 1.7ms)


Started GET "/posts/1" for ::1 at 2015-12-31 13:45:03 -0600
Processing by PostsController#show as HTML
  Parameters: {"id"=>"1"}
  [1m[36mPost Load (0.2ms)[0m  [1mSELECT  "posts".* FROM "posts" WHERE "posts"."id" = ? LIMIT 1[0m  [["id", 1]]
  Rendered posts/show.html.erb within layouts/application (0.4ms)
Completed 200 OK in 27ms (Views: 10.4ms | ActiveRecord: 0.2ms)
  [1m[35m (0.1ms)[0m  [1m[36mbegin transaction[0m
  [1m[35mSQL (0.6ms)[0m  [1m[32mINSERT INTO "posts" ("title", "description", "created_at", "updated_at") VALUES (?, ?, ?, ?)[0m  [["title", "Title Goes Here"], ["description", "Desc goes here..."], ["created_at", "2020-09-17 18:46:56.768735"], ["updated_at", "2020-09-17 18:46:56.768735"]]
  [1m[35m (0.9ms)[0m  [1m[36mcommit transaction[0m
Started GET "/" for ::1 at 2020-09-17 11:49:38 -0700
  [1m[36mActiveRecord::SchemaMigration Load (0.2ms)[0m  [1m[34mSELECT "schema_migrations".* FROM "schema_migrations"[0m
Processing by Rails::WelcomeController#index as HTML
  Parameters: {"internal"=>true}
  Rendering /Users/noaheakin/.rvm/gems/ruby-2.6.1/gems/railties-5.0.7.2/lib/rails/templates/rails/welcome/index.html.erb
  Rendered /Users/noaheakin/.rvm/gems/ruby-2.6.1/gems/railties-5.0.7.2/lib/rails/templates/rails/welcome/index.html.erb (5.2ms)
Completed 200 OK in 21ms (Views: 11.4ms | ActiveRecord: 0.0ms)


Started GET "/posts" for ::1 at 2020-09-17 11:49:45 -0700
Processing by PostsController#index as HTML
  Rendering posts/index.html.erb within layouts/application
  [1m[36mPost Load (0.2ms)[0m  [1m[34mSELECT "posts".* FROM "posts"[0m
  Rendered posts/index.html.erb within layouts/application (8.4ms)
Completed 200 OK in 491ms (Views: 486.2ms | ActiveRecord: 1.1ms)


Started GET "/posts/new" for ::1 at 2020-09-17 11:49:54 -0700
Processing by PostsController#new as HTML
  Rendering posts/new.html.erb within layouts/application
  Rendered posts/new.html.erb within layouts/application (1.6ms)
Completed 200 OK in 22ms (Views: 18.6ms | ActiveRecord: 0.0ms)


Started POST "/posts" for ::1 at 2020-09-17 11:50:18 -0700
Processing by PostsController#create as HTML
  Parameters: {"utf8"=>"✓", "authenticity_token"=>"ewOPi9d0w28pRnxBblHiGS0Di5QpMLJyNMCQwBvUW2ZxarDhZW84MKqbayTKrhB0qca1XuymFk9W0GZHU7vYcQ==", "title"=>"One Random Post", "description"=>"Who knows what I'll talk about next", "commit"=>"Submit Post"}
  [1m[35m (0.1ms)[0m  [1m[36mbegin transaction[0m
  [1m[35mSQL (0.6ms)[0m  [1m[32mINSERT INTO "posts" ("title", "description", "created_at", "updated_at") VALUES (?, ?, ?, ?)[0m  [["title", "One Random Post"], ["description", "Who knows what I'll talk about next"], ["created_at", "2020-09-17 18:50:18.096266"], ["updated_at", "2020-09-17 18:50:18.096266"]]
  [1m[35m (0.9ms)[0m  [1m[36mcommit transaction[0m
No template found for PostsController#create, rendering head :no_content
Completed 204 No Content in 30ms (ActiveRecord: 1.6ms)


Started GET "/posts/new" for ::1 at 2020-09-17 14:55:41 -0700
  [1m[36mActiveRecord::SchemaMigration Load (0.2ms)[0m  [1m[34mSELECT "schema_migrations".* FROM "schema_migrations"[0m
Processing by PostsController#new as HTML
  Rendering posts/new.html.erb within layouts/application
  Rendered posts/new.html.erb within layouts/application (6.0ms)
Completed 200 OK in 258ms (Views: 244.0ms | ActiveRecord: 0.5ms)


Started POST "/posts" for ::1 at 2020-09-17 14:55:59 -0700
Processing by PostsController#create as HTML
  Parameters: {"utf8"=>"✓", "authenticity_token"=>"1UoFH0OtSLLXHAQJLiLaFn5VVPXznGffW1knM4tMD0rfIzp18baz7VTBE2yK3Sh7+pBqPzYKw+I5SdG0wyOMXQ==", "title"=>"A Thought I Had", "description"=>"This is my thought", "commit"=>"Submit Post"}
  [1m[35m (0.1ms)[0m  [1m[36mbegin transaction[0m
  [1m[35mSQL (0.9ms)[0m  [1m[32mINSERT INTO "posts" ("title", "description", "created_at", "updated_at") VALUES (?, ?, ?, ?)[0m  [["title", "A Thought I Had"], ["description", "This is my thought"], ["created_at", "2020-09-17 21:55:59.638390"], ["updated_at", "2020-09-17 21:55:59.638390"]]
  [1m[35m (1.6ms)[0m  [1m[36mcommit transaction[0m
No template found for PostsController#create, rendering head :no_content
Completed 204 No Content in 30ms (ActiveRecord: 2.6ms)


Started GET "/posts/new" for ::1 at 2020-09-17 14:57:27 -0700
Processing by PostsController#new as HTML
  Rendering posts/new.html.erb within layouts/application
  Rendered posts/new.html.erb within layouts/application (0.9ms)
Completed 200 OK in 26ms (Views: 14.8ms | ActiveRecord: 1.1ms)


Started POST "/posts" for ::1 at 2020-09-17 14:57:35 -0700
Processing by PostsController#create as HTML
  Parameters: {"utf8"=>"✓", "authenticity_token"=>"i7BOEC6dAmpd45WNjZwsJwuwk94RcEA0I93CtO3jNU+B2XF6nIb5Nd4+gugpY95Kj3WtFNTm5AlBzTQzpYy2WA==", "title"=>"A Thought I Had", "description"=>"Here's my idea", "commit"=>"Submit Post"}
  [1m[35m (0.1ms)[0m  [1m[36mbegin transaction[0m
  [1m[35mSQL (0.6ms)[0m  [1m[32mINSERT INTO "posts" ("title", "description", "created_at", "updated_at") VALUES (?, ?, ?, ?)[0m  [["title", "A Thought I Had"], ["description", "Here's my idea"], ["created_at", "2020-09-17 21:57:35.311829"], ["updated_at", "2020-09-17 21:57:35.311829"]]
  [1m[35m (1.1ms)[0m  [1m[36mcommit transaction[0m
Redirected to http://localhost:3000/posts/5
Completed 302 Found in 5ms (ActiveRecord: 1.8ms)


Started GET "/posts/5" for ::1 at 2020-09-17 14:57:35 -0700
Processing by PostsController#show as HTML
  Parameters: {"id"=>"5"}
  [1m[36mPost Load (0.4ms)[0m  [1m[34mSELECT  "posts".* FROM "posts" WHERE "posts"."id" = ? LIMIT ?[0m  [["id", 5], ["LIMIT", 1]]
  Rendering posts/show.html.erb within layouts/application
  Rendered posts/show.html.erb within layouts/application (0.5ms)
Completed 200 OK in 29ms (Views: 21.5ms | ActiveRecord: 0.4ms)


